<?xml version="1.0" encoding="UTF-8"?>
<coverage generated="1776435588156" clover="3.2.0">
  <project timestamp="1776435588156" name="All files">
    <metrics statements="127" coveredstatements="120" conditionals="40" coveredconditionals="30" methods="24" coveredmethods="24" elements="191" coveredelements="174" complexity="0" loc="127" ncloc="127" packages="1" files="1" classes="1"/>
    <file name="index.cjs" path="D:\Mateus\Documents\Repositorios Github\Hortifruti\server\index.cjs">
      <metrics statements="127" coveredstatements="120" conditionals="40" coveredconditionals="30" methods="24" coveredmethods="24"/>
      <line num="1" count="4" type="stmt"/>
      <line num="2" count="4" type="stmt"/>
      <line num="3" count="4" type="stmt"/>
      <line num="5" count="4" type="stmt"/>
      <line num="6" count="4" type="stmt"/>
      <line num="7" count="4" type="stmt"/>
      <line num="9" count="4" type="stmt"/>
      <line num="10" count="4" type="stmt"/>
      <line num="13" count="4" type="stmt"/>
      <line num="14" count="2" type="stmt"/>
      <line num="15" count="2" type="stmt"/>
      <line num="17" count="2" type="stmt"/>
      <line num="18" count="3" type="cond" truecount="4" falsecount="0"/>
      <line num="20" count="2" type="stmt"/>
      <line num="28" count="2" type="stmt"/>
      <line num="29" count="2" type="cond" truecount="4" falsecount="0"/>
      <line num="31" count="2" type="stmt"/>
      <line num="37" count="2" type="cond" truecount="1" falsecount="1"/>
      <line num="38" count="2" type="cond" truecount="1" falsecount="1"/>
      <line num="39" count="2" type="cond" truecount="1" falsecount="1"/>
      <line num="41" count="2" type="stmt"/>
      <line num="45" count="2" type="stmt"/>
      <line num="46" count="10" type="stmt"/>
      <line num="47" count="10" type="stmt"/>
      <line num="50" count="2" type="stmt"/>
      <line num="58" count="2" type="stmt"/>
      <line num="59" count="10" type="stmt"/>
      <line num="62" count="2" type="stmt"/>
      <line num="63" count="30" type="stmt"/>
      <line num="64" count="10" type="stmt"/>
      <line num="72" count="2" type="stmt"/>
      <line num="74" count="0" type="stmt"/>
      <line num="79" count="4" type="stmt"/>
      <line num="80" count="3" type="stmt"/>
      <line num="81" count="3" type="stmt"/>
      <line num="82" count="3" type="stmt"/>
      <line num="84" count="0" type="stmt"/>
      <line num="88" count="4" type="stmt"/>
      <line num="89" count="5" type="stmt"/>
      <line num="90" count="5" type="stmt"/>
      <line num="91" count="5" type="stmt"/>
      <line num="92" count="4" type="stmt"/>
      <line num="94" count="1" type="cond" truecount="2" falsecount="3"/>
      <line num="95" count="1" type="stmt"/>
      <line num="97" count="0" type="stmt"/>
      <line num="101" count="4" type="stmt"/>
      <line num="102" count="3" type="stmt"/>
      <line num="103" count="3" type="stmt"/>
      <line num="104" count="3" type="stmt"/>
      <line num="105" count="3" type="stmt"/>
      <line num="106" count="1" type="stmt"/>
      <line num="108" count="2" type="cond" truecount="5" falsecount="0"/>
      <line num="109" count="1" type="stmt"/>
      <line num="111" count="1" type="stmt"/>
      <line num="115" count="4" type="stmt"/>
      <line num="116" count="3" type="stmt"/>
      <line num="117" count="3" type="stmt"/>
      <line num="118" count="3" type="stmt"/>
      <line num="119" count="1" type="stmt"/>
      <line num="121" count="2" type="stmt"/>
      <line num="125" count="4" type="stmt"/>
      <line num="126" count="2" type="stmt"/>
      <line num="127" count="2" type="stmt"/>
      <line num="129" count="2" type="stmt"/>
      <line num="133" count="2" type="cond" truecount="2" falsecount="0"/>
      <line num="134" count="1" type="stmt"/>
      <line num="137" count="1" type="stmt"/>
      <line num="143" count="1" type="stmt"/>
      <line num="145" count="0" type="stmt"/>
      <line num="150" count="4" type="stmt"/>
      <line num="151" count="3" type="cond" truecount="2" falsecount="0"/>
      <line num="152" count="3" type="stmt"/>
      <line num="153" count="3" type="stmt"/>
      <line num="154" count="3" type="stmt"/>
      <line num="158" count="2" type="stmt"/>
      <line num="167" count="1" type="stmt"/>
      <line num="176" count="2" type="stmt"/>
      <line num="182" count="2" type="stmt"/>
      <line num="184" count="1" type="stmt"/>
      <line num="189" count="4" type="stmt"/>
      <line num="190" count="2" type="stmt"/>
      <line num="191" count="2" type="stmt"/>
      <line num="192" count="2" type="stmt"/>
      <line num="193" count="2" type="cond" truecount="4" falsecount="0"/>
      <line num="194" count="1" type="stmt"/>
      <line num="201" count="2" type="stmt"/>
      <line num="206" count="2" type="stmt"/>
      <line num="208" count="0" type="stmt"/>
      <line num="213" count="4" type="stmt"/>
      <line num="214" count="1" type="stmt"/>
      <line num="215" count="1" type="stmt"/>
      <line num="220" count="1" type="stmt"/>
      <line num="222" count="0" type="stmt"/>
      <line num="226" count="4" type="stmt"/>
      <line num="227" count="2" type="stmt"/>
      <line num="228" count="2" type="stmt"/>
      <line num="229" count="2" type="stmt"/>
      <line num="230" count="2" type="stmt"/>
      <line num="232" count="2" type="stmt"/>
      <line num="236" count="1" type="stmt"/>
      <line num="241" count="1" type="stmt"/>
      <line num="243" count="1" type="stmt"/>
      <line num="247" count="4" type="stmt"/>
      <line num="248" count="2" type="stmt"/>
      <line num="249" count="2" type="stmt"/>
      <line num="250" count="2" type="stmt"/>
      <line num="252" count="2" type="stmt"/>
      <line num="254" count="1" type="stmt"/>
      <line num="256" count="1" type="stmt"/>
      <line num="260" count="4" type="stmt"/>
      <line num="261" count="1" type="stmt"/>
      <line num="262" count="1" type="stmt"/>
      <line num="265" count="1" type="stmt"/>
      <line num="267" count="0" type="stmt"/>
      <line num="271" count="4" type="stmt"/>
      <line num="272" count="2" type="stmt"/>
      <line num="273" count="2" type="stmt"/>
      <line num="274" count="2" type="stmt"/>
      <line num="281" count="1" type="stmt"/>
      <line num="283" count="1" type="stmt"/>
      <line num="287" count="4" type="stmt"/>
      <line num="288" count="2" type="stmt"/>
      <line num="289" count="2" type="stmt"/>
      <line num="290" count="2" type="stmt"/>
      <line num="291" count="1" type="stmt"/>
      <line num="293" count="1" type="stmt"/>
      <line num="303" count="4" type="stmt"/>
    </file>
  </project>
</coverage>
