{"D:\\Mateus\\Documents\\Repositorios Github\\Hortifruti\\server\\index.cjs": {"path":"D:\\Mateus\\Documents\\Repositorios Github\\Hortifruti\\server\\index.cjs","statementMap":{"0":{"start":{"line":1,"column":17},"end":{"line":1,"column":35}},"1":{"start":{"line":2,"column":13},"end":{"line":2,"column":28}},"2":{"start":{"line":3,"column":25},"end":{"line":3,"column":50}},"3":{"start":{"line":5,"column":12},"end":{"line":5,"column":21}},"4":{"start":{"line":6,"column":15},"end":{"line":6,"column":33}},"5":{"start":{"line":7,"column":13},"end":{"line":7,"column":17}},"6":{"start":{"line":9,"column":0},"end":{"line":9,"column":16}},"7":{"start":{"line":10,"column":0},"end":{"line":10,"column":24}},"8":{"start":{"line":13,"column":0},"end":{"line":76,"column":3}},"9":{"start":{"line":14,"column":2},"end":{"line":75,"column":3}},"10":{"start":{"line":15,"column":35},"end":{"line":15,"column":44}},"11":{"start":{"line":17,"column":28},"end":{"line":26,"column":5}},"12":{"start":{"line":18,"column":6},"end":{"line":18,"column":44}},"13":{"start":{"line":18,"column":34},"end":{"line":18,"column":44}},"14":{"start":{"line":20,"column":6},"end":{"line":25,"column":8}},"15":{"start":{"line":28,"column":23},"end":{"line":28,"column":40}},"16":{"start":{"line":29,"column":27},"end":{"line":29,"column":83}},"17":{"start":{"line":31,"column":30},"end":{"line":35,"column":6}},"18":{"start":{"line":37,"column":29},"end":{"line":37,"column":62}},"19":{"start":{"line":38,"column":27},"end":{"line":38,"column":59}},"20":{"start":{"line":39,"column":24},"end":{"line":39,"column":82}},"21":{"start":{"line":41,"column":18},"end":{"line":43,"column":6}},"22":{"start":{"line":45,"column":23},"end":{"line":48,"column":9}},"23":{"start":{"line":46,"column":28},"end":{"line":46,"column":81}},"24":{"start":{"line":47,"column":6},"end":{"line":47,"column":53}},"25":{"start":{"line":50,"column":24},"end":{"line":56,"column":6}},"26":{"start":{"line":58,"column":17},"end":{"line":60,"column":6}},"27":{"start":{"line":59,"column":46},"end":{"line":59,"column":58}},"28":{"start":{"line":62,"column":28},"end":{"line":70,"column":6}},"29":{"start":{"line":63,"column":19},"end":{"line":63,"column":56}},"30":{"start":{"line":63,"column":34},"end":{"line":63,"column":55}},"31":{"start":{"line":64,"column":6},"end":{"line":69,"column":8}},"32":{"start":{"line":72,"column":4},"end":{"line":72,"column":93}},"33":{"start":{"line":74,"column":4},"end":{"line":74,"column":49}},"34":{"start":{"line":79,"column":0},"end":{"line":86,"column":3}},"35":{"start":{"line":80,"column":2},"end":{"line":85,"column":3}},"36":{"start":{"line":81,"column":21},"end":{"line":81,"column":80}},"37":{"start":{"line":82,"column":4},"end":{"line":82,"column":23}},"38":{"start":{"line":84,"column":4},"end":{"line":84,"column":49}},"39":{"start":{"line":88,"column":0},"end":{"line":99,"column":3}},"40":{"start":{"line":89,"column":2},"end":{"line":98,"column":3}},"41":{"start":{"line":90,"column":17},"end":{"line":90,"column":25}},"42":{"start":{"line":91,"column":17},"end":{"line":91,"column":54}},"43":{"start":{"line":92,"column":4},"end":{"line":92,"column":19}},"44":{"start":{"line":94,"column":4},"end":{"line":96,"column":5}},"45":{"start":{"line":95,"column":6},"end":{"line":95,"column":88}},"46":{"start":{"line":97,"column":4},"end":{"line":97,"column":49}},"47":{"start":{"line":101,"column":0},"end":{"line":113,"column":3}},"48":{"start":{"line":102,"column":2},"end":{"line":112,"column":3}},"49":{"start":{"line":103,"column":19},"end":{"line":103,"column":29}},"50":{"start":{"line":104,"column":17},"end":{"line":104,"column":25}},"51":{"start":{"line":105,"column":17},"end":{"line":105,"column":69}},"52":{"start":{"line":106,"column":4},"end":{"line":106,"column":19}},"53":{"start":{"line":108,"column":4},"end":{"line":110,"column":5}},"54":{"start":{"line":109,"column":6},"end":{"line":109,"column":88}},"55":{"start":{"line":111,"column":4},"end":{"line":111,"column":49}},"56":{"start":{"line":115,"column":0},"end":{"line":123,"column":3}},"57":{"start":{"line":116,"column":2},"end":{"line":122,"column":3}},"58":{"start":{"line":117,"column":19},"end":{"line":117,"column":29}},"59":{"start":{"line":118,"column":4},"end":{"line":118,"column":51}},"60":{"start":{"line":119,"column":4},"end":{"line":119,"column":32}},"61":{"start":{"line":121,"column":4},"end":{"line":121,"column":49}},"62":{"start":{"line":125,"column":0},"end":{"line":147,"column":3}},"63":{"start":{"line":126,"column":2},"end":{"line":146,"column":3}},"64":{"start":{"line":127,"column":18},"end":{"line":127,"column":27}},"65":{"start":{"line":129,"column":18},"end":{"line":131,"column":6}},"66":{"start":{"line":133,"column":4},"end":{"line":135,"column":5}},"67":{"start":{"line":134,"column":6},"end":{"line":134,"column":31}},"68":{"start":{"line":137,"column":21},"end":{"line":142,"column":6}},"69":{"start":{"line":143,"column":4},"end":{"line":143,"column":23}},"70":{"start":{"line":145,"column":4},"end":{"line":145,"column":49}},"71":{"start":{"line":150,"column":0},"end":{"line":186,"column":3}},"72":{"start":{"line":151,"column":107},"end":{"line":151,"column":115}},"73":{"start":{"line":152,"column":2},"end":{"line":185,"column":3}},"74":{"start":{"line":153,"column":22},"end":{"line":180,"column":6}},"75":{"start":{"line":154,"column":20},"end":{"line":173,"column":8}},"76":{"start":{"line":158,"column":39},"end":{"line":164,"column":13}},"77":{"start":{"line":167,"column":43},"end":{"line":170,"column":13}},"78":{"start":{"line":176,"column":6},"end":{"line":179,"column":9}},"79":{"start":{"line":182,"column":4},"end":{"line":182,"column":50}},"80":{"start":{"line":184,"column":4},"end":{"line":184,"column":49}},"81":{"start":{"line":189,"column":0},"end":{"line":210,"column":3}},"82":{"start":{"line":190,"column":2},"end":{"line":209,"column":3}},"83":{"start":{"line":191,"column":35},"end":{"line":191,"column":44}},"84":{"start":{"line":192,"column":16},"end":{"line":192,"column":18}},"85":{"start":{"line":193,"column":4},"end":{"line":200,"column":5}},"86":{"start":{"line":194,"column":6},"end":{"line":199,"column":8}},"87":{"start":{"line":201,"column":19},"end":{"line":205,"column":6}},"88":{"start":{"line":206,"column":4},"end":{"line":206,"column":21}},"89":{"start":{"line":208,"column":4},"end":{"line":208,"column":49}},"90":{"start":{"line":213,"column":0},"end":{"line":224,"column":3}},"91":{"start":{"line":214,"column":2},"end":{"line":223,"column":3}},"92":{"start":{"line":215,"column":19},"end":{"line":219,"column":6}},"93":{"start":{"line":220,"column":4},"end":{"line":220,"column":21}},"94":{"start":{"line":222,"column":4},"end":{"line":222,"column":49}},"95":{"start":{"line":226,"column":0},"end":{"line":245,"column":3}},"96":{"start":{"line":227,"column":17},"end":{"line":227,"column":27}},"97":{"start":{"line":228,"column":38},"end":{"line":228,"column":46}},"98":{"start":{"line":229,"column":2},"end":{"line":244,"column":3}},"99":{"start":{"line":230,"column":4},"end":{"line":240,"column":7}},"100":{"start":{"line":232,"column":6},"end":{"line":234,"column":9}},"101":{"start":{"line":236,"column":6},"end":{"line":239,"column":9}},"102":{"start":{"line":241,"column":4},"end":{"line":241,"column":32}},"103":{"start":{"line":243,"column":4},"end":{"line":243,"column":49}},"104":{"start":{"line":247,"column":0},"end":{"line":258,"column":3}},"105":{"start":{"line":248,"column":17},"end":{"line":248,"column":27}},"106":{"start":{"line":249,"column":2},"end":{"line":257,"column":3}},"107":{"start":{"line":250,"column":4},"end":{"line":253,"column":7}},"108":{"start":{"line":252,"column":6},"end":{"line":252,"column":47}},"109":{"start":{"line":254,"column":4},"end":{"line":254,"column":72}},"110":{"start":{"line":256,"column":4},"end":{"line":256,"column":49}},"111":{"start":{"line":260,"column":0},"end":{"line":269,"column":3}},"112":{"start":{"line":261,"column":2},"end":{"line":268,"column":3}},"113":{"start":{"line":262,"column":24},"end":{"line":264,"column":6}},"114":{"start":{"line":265,"column":4},"end":{"line":265,"column":26}},"115":{"start":{"line":267,"column":4},"end":{"line":267,"column":49}},"116":{"start":{"line":271,"column":0},"end":{"line":285,"column":3}},"117":{"start":{"line":272,"column":2},"end":{"line":284,"column":3}},"118":{"start":{"line":273,"column":58},"end":{"line":273,"column":66}},"119":{"start":{"line":274,"column":23},"end":{"line":280,"column":6}},"120":{"start":{"line":281,"column":4},"end":{"line":281,"column":25}},"121":{"start":{"line":283,"column":4},"end":{"line":283,"column":49}},"122":{"start":{"line":287,"column":0},"end":{"line":295,"column":3}},"123":{"start":{"line":288,"column":2},"end":{"line":294,"column":3}},"124":{"start":{"line":289,"column":19},"end":{"line":289,"column":29}},"125":{"start":{"line":290,"column":4},"end":{"line":290,"column":54}},"126":{"start":{"line":291,"column":4},"end":{"line":291,"column":76}},"127":{"start":{"line":293,"column":4},"end":{"line":293,"column":49}},"128":{"start":{"line":303,"column":0},"end":{"line":303,"column":21}}},"fnMap":{"0":{"name":"(anonymous_0)","decl":{"start":{"line":13,"column":26},"end":{"line":13,"column":27}},"loc":{"start":{"line":13,"column":46},"end":{"line":76,"column":1}},"line":13},"1":{"name":"(anonymous_1)","decl":{"start":{"line":17,"column":28},"end":{"line":17,"column":29}},"loc":{"start":{"line":17,"column":34},"end":{"line":26,"column":5}},"line":17},"2":{"name":"(anonymous_2)","decl":{"start":{"line":45,"column":36},"end":{"line":45,"column":37}},"loc":{"start":{"line":45,"column":51},"end":{"line":48,"column":5}},"line":45},"3":{"name":"(anonymous_3)","decl":{"start":{"line":59,"column":41},"end":{"line":59,"column":42}},"loc":{"start":{"line":59,"column":46},"end":{"line":59,"column":58}},"line":59},"4":{"name":"(anonymous_4)","decl":{"start":{"line":62,"column":44},"end":{"line":62,"column":45}},"loc":{"start":{"line":62,"column":49},"end":{"line":70,"column":5}},"line":62},"5":{"name":"(anonymous_5)","decl":{"start":{"line":63,"column":29},"end":{"line":63,"column":30}},"loc":{"start":{"line":63,"column":34},"end":{"line":63,"column":55}},"line":63},"6":{"name":"(anonymous_6)","decl":{"start":{"line":79,"column":25},"end":{"line":79,"column":26}},"loc":{"start":{"line":79,"column":45},"end":{"line":86,"column":1}},"line":79},"7":{"name":"(anonymous_7)","decl":{"start":{"line":88,"column":26},"end":{"line":88,"column":27}},"loc":{"start":{"line":88,"column":46},"end":{"line":99,"column":1}},"line":88},"8":{"name":"(anonymous_8)","decl":{"start":{"line":101,"column":29},"end":{"line":101,"column":30}},"loc":{"start":{"line":101,"column":49},"end":{"line":113,"column":1}},"line":101},"9":{"name":"(anonymous_9)","decl":{"start":{"line":115,"column":32},"end":{"line":115,"column":33}},"loc":{"start":{"line":115,"column":52},"end":{"line":123,"column":1}},"line":115},"10":{"name":"(anonymous_10)","decl":{"start":{"line":125,"column":32},"end":{"line":125,"column":33}},"loc":{"start":{"line":125,"column":52},"end":{"line":147,"column":1}},"line":125},"11":{"name":"(anonymous_11)","decl":{"start":{"line":150,"column":24},"end":{"line":150,"column":25}},"loc":{"start":{"line":150,"column":44},"end":{"line":186,"column":1}},"line":150},"12":{"name":"(anonymous_12)","decl":{"start":{"line":153,"column":48},"end":{"line":153,"column":49}},"loc":{"start":{"line":153,"column":62},"end":{"line":180,"column":5}},"line":153},"13":{"name":"(anonymous_13)","decl":{"start":{"line":158,"column":30},"end":{"line":158,"column":31}},"loc":{"start":{"line":158,"column":39},"end":{"line":164,"column":13}},"line":158},"14":{"name":"(anonymous_14)","decl":{"start":{"line":167,"column":35},"end":{"line":167,"column":36}},"loc":{"start":{"line":167,"column":43},"end":{"line":170,"column":13}},"line":167},"15":{"name":"(anonymous_15)","decl":{"start":{"line":189,"column":23},"end":{"line":189,"column":24}},"loc":{"start":{"line":189,"column":43},"end":{"line":210,"column":1}},"line":189},"16":{"name":"(anonymous_16)","decl":{"start":{"line":213,"column":23},"end":{"line":213,"column":24}},"loc":{"start":{"line":213,"column":43},"end":{"line":224,"column":1}},"line":213},"17":{"name":"(anonymous_17)","decl":{"start":{"line":226,"column":33},"end":{"line":226,"column":34}},"loc":{"start":{"line":226,"column":53},"end":{"line":245,"column":1}},"line":226},"18":{"name":"(anonymous_18)","decl":{"start":{"line":230,"column":30},"end":{"line":230,"column":31}},"loc":{"start":{"line":230,"column":44},"end":{"line":240,"column":5}},"line":230},"19":{"name":"(anonymous_19)","decl":{"start":{"line":247,"column":30},"end":{"line":247,"column":31}},"loc":{"start":{"line":247,"column":50},"end":{"line":258,"column":1}},"line":247},"20":{"name":"(anonymous_20)","decl":{"start":{"line":250,"column":30},"end":{"line":250,"column":31}},"loc":{"start":{"line":250,"column":44},"end":{"line":253,"column":5}},"line":250},"21":{"name":"(anonymous_21)","decl":{"start":{"line":260,"column":28},"end":{"line":260,"column":29}},"loc":{"start":{"line":260,"column":48},"end":{"line":269,"column":1}},"line":260},"22":{"name":"(anonymous_22)","decl":{"start":{"line":271,"column":28},"end":{"line":271,"column":29}},"loc":{"start":{"line":271,"column":48},"end":{"line":285,"column":1}},"line":271},"23":{"name":"(anonymous_23)","decl":{"start":{"line":287,"column":35},"end":{"line":287,"column":36}},"loc":{"start":{"line":287,"column":55},"end":{"line":295,"column":1}},"line":287}},"branchMap":{"0":{"loc":{"start":{"line":18,"column":6},"end":{"line":18,"column":44}},"type":"if","locations":[{"start":{"line":18,"column":6},"end":{"line":18,"column":44}},{"start":{},"end":{}}],"line":18},"1":{"loc":{"start":{"line":18,"column":10},"end":{"line":18,"column":32}},"type":"binary-expr","locations":[{"start":{"line":18,"column":10},"end":{"line":18,"column":20}},{"start":{"line":18,"column":24},"end":{"line":18,"column":32}}],"line":18},"2":{"loc":{"start":{"line":22,"column":24},"end":{"line":22,"column":85}},"type":"cond-expr","locations":[{"start":{"line":22,"column":50},"end":{"line":22,"column":59}},{"start":{"line":22,"column":62},"end":{"line":22,"column":85}}],"line":22},"3":{"loc":{"start":{"line":23,"column":24},"end":{"line":23,"column":83}},"type":"cond-expr","locations":[{"start":{"line":23,"column":48},"end":{"line":23,"column":55}},{"start":{"line":23,"column":58},"end":{"line":23,"column":83}}],"line":23},"4":{"loc":{"start":{"line":29,"column":27},"end":{"line":29,"column":83}},"type":"cond-expr","locations":[{"start":{"line":29,"column":50},"end":{"line":29,"column":78}},{"start":{"line":29,"column":81},"end":{"line":29,"column":83}}],"line":29},"5":{"loc":{"start":{"line":29,"column":27},"end":{"line":29,"column":47}},"type":"binary-expr","locations":[{"start":{"line":29,"column":27},"end":{"line":29,"column":36}},{"start":{"line":29,"column":40},"end":{"line":29,"column":47}}],"line":29},"6":{"loc":{"start":{"line":37,"column":29},"end":{"line":37,"column":62}},"type":"binary-expr","locations":[{"start":{"line":37,"column":29},"end":{"line":37,"column":57}},{"start":{"line":37,"column":61},"end":{"line":37,"column":62}}],"line":37},"7":{"loc":{"start":{"line":38,"column":27},"end":{"line":38,"column":59}},"type":"binary-expr","locations":[{"start":{"line":38,"column":27},"end":{"line":38,"column":54}},{"start":{"line":38,"column":58},"end":{"line":38,"column":59}}],"line":38},"8":{"loc":{"start":{"line":39,"column":24},"end":{"line":39,"column":82}},"type":"cond-expr","locations":[{"start":{"line":39,"column":45},"end":{"line":39,"column":78}},{"start":{"line":39,"column":81},"end":{"line":39,"column":82}}],"line":39},"9":{"loc":{"start":{"line":94,"column":4},"end":{"line":96,"column":5}},"type":"if","locations":[{"start":{"line":94,"column":4},"end":{"line":96,"column":5}},{"start":{},"end":{}}],"line":94},"10":{"loc":{"start":{"line":94,"column":8},"end":{"line":94,"column":90}},"type":"binary-expr","locations":[{"start":{"line":94,"column":8},"end":{"line":94,"column":28}},{"start":{"line":94,"column":33},"end":{"line":94,"column":44}},{"start":{"line":94,"column":48},"end":{"line":94,"column":89}}],"line":94},"11":{"loc":{"start":{"line":108,"column":4},"end":{"line":110,"column":5}},"type":"if","locations":[{"start":{"line":108,"column":4},"end":{"line":110,"column":5}},{"start":{},"end":{}}],"line":108},"12":{"loc":{"start":{"line":108,"column":8},"end":{"line":108,"column":90}},"type":"binary-expr","locations":[{"start":{"line":108,"column":8},"end":{"line":108,"column":28}},{"start":{"line":108,"column":33},"end":{"line":108,"column":44}},{"start":{"line":108,"column":48},"end":{"line":108,"column":89}}],"line":108},"13":{"loc":{"start":{"line":133,"column":4},"end":{"line":135,"column":5}},"type":"if","locations":[{"start":{"line":133,"column":4},"end":{"line":135,"column":5}},{"start":{},"end":{}}],"line":133},"14":{"loc":{"start":{"line":151,"column":56},"end":{"line":151,"column":81}},"type":"default-arg","locations":[{"start":{"line":151,"column":75},"end":{"line":151,"column":81}}],"line":151},"15":{"loc":{"start":{"line":151,"column":83},"end":{"line":151,"column":102}},"type":"default-arg","locations":[{"start":{"line":151,"column":98},"end":{"line":151,"column":102}}],"line":151},"16":{"loc":{"start":{"line":193,"column":4},"end":{"line":200,"column":5}},"type":"if","locations":[{"start":{"line":193,"column":4},"end":{"line":200,"column":5}},{"start":{},"end":{}}],"line":193},"17":{"loc":{"start":{"line":193,"column":8},"end":{"line":193,"column":28}},"type":"binary-expr","locations":[{"start":{"line":193,"column":8},"end":{"line":193,"column":17}},{"start":{"line":193,"column":21},"end":{"line":193,"column":28}}],"line":193},"18":{"loc":{"start":{"line":196,"column":24},"end":{"line":196,"column":85}},"type":"cond-expr","locations":[{"start":{"line":196,"column":50},"end":{"line":196,"column":59}},{"start":{"line":196,"column":62},"end":{"line":196,"column":85}}],"line":196},"19":{"loc":{"start":{"line":197,"column":24},"end":{"line":197,"column":83}},"type":"cond-expr","locations":[{"start":{"line":197,"column":48},"end":{"line":197,"column":55}},{"start":{"line":197,"column":58},"end":{"line":197,"column":83}}],"line":197}},"s":{"0":4,"1":4,"2":4,"3":4,"4":4,"5":4,"6":4,"7":4,"8":4,"9":2,"10":2,"11":2,"12":3,"13":1,"14":2,"15":2,"16":2,"17":2,"18":2,"19":2,"20":2,"21":2,"22":2,"23":10,"24":10,"25":2,"26":2,"27":10,"28":2,"29":10,"30":30,"31":10,"32":2,"33":0,"34":4,"35":3,"36":3,"37":3,"38":0,"39":4,"40":5,"41":5,"42":5,"43":4,"44":1,"45":1,"46":0,"47":4,"48":3,"49":3,"50":3,"51":3,"52":1,"53":2,"54":1,"55":1,"56":4,"57":3,"58":3,"59":3,"60":1,"61":2,"62":4,"63":2,"64":2,"65":2,"66":2,"67":1,"68":1,"69":1,"70":0,"71":4,"72":3,"73":3,"74":3,"75":3,"76":2,"77":1,"78":2,"79":2,"80":1,"81":4,"82":2,"83":2,"84":2,"85":2,"86":1,"87":2,"88":2,"89":0,"90":4,"91":1,"92":1,"93":1,"94":0,"95":4,"96":2,"97":2,"98":2,"99":2,"100":2,"101":1,"102":1,"103":1,"104":4,"105":2,"106":2,"107":2,"108":2,"109":1,"110":1,"111":4,"112":1,"113":1,"114":1,"115":0,"116":4,"117":2,"118":2,"119":2,"120":1,"121":1,"122":4,"123":2,"124":2,"125":2,"126":1,"127":1,"128":4},"f":{"0":2,"1":3,"2":10,"3":10,"4":10,"5":30,"6":3,"7":5,"8":3,"9":3,"10":2,"11":3,"12":3,"13":2,"14":1,"15":2,"16":1,"17":2,"18":2,"19":2,"20":2,"21":1,"22":2,"23":2},"b":{"0":[1,2],"1":[3,2],"2":[0,2],"3":[0,2],"4":[1,1],"5":[2,1],"6":[2,0],"7":[2,0],"8":[2,0],"9":[1,0],"10":[1,0,0],"11":[1,1],"12":[2,1,1],"13":[1,1],"14":[2],"15":[2],"16":[1,1],"17":[2,1],"18":[0,1],"19":[0,1]},"inputSourceMap":null,"_coverageSchema":"1a1c01bbd47fc00a2c39e90264f33305004495a9","hash":"c01d5d9e3172faa0640ae84fb230d2d884895a75"}
}
