TN:
SF:server\index.cjs
FN:13,(anonymous_0)
FN:17,(anonymous_1)
FN:45,(anonymous_2)
FN:59,(anonymous_3)
FN:62,(anonymous_4)
FN:63,(anonymous_5)
FN:79,(anonymous_6)
FN:88,(anonymous_7)
FN:101,(anonymous_8)
FN:115,(anonymous_9)
FN:125,(anonymous_10)
FN:150,(anonymous_11)
FN:153,(anonymous_12)
FN:158,(anonymous_13)
FN:167,(anonymous_14)
FN:189,(anonymous_15)
FN:213,(anonymous_16)
FN:226,(anonymous_17)
FN:230,(anonymous_18)
FN:247,(anonymous_19)
FN:250,(anonymous_20)
FN:260,(anonymous_21)
FN:271,(anonymous_22)
FN:287,(anonymous_23)
FNF:24
FNH:24
FNDA:2,(anonymous_0)
FNDA:3,(anonymous_1)
FNDA:10,(anonymous_2)
FNDA:10,(anonymous_3)
FNDA:10,(anonymous_4)
FNDA:30,(anonymous_5)
FNDA:3,(anonymous_6)
FNDA:5,(anonymous_7)
FNDA:3,(anonymous_8)
FNDA:3,(anonymous_9)
FNDA:2,(anonymous_10)
FNDA:3,(anonymous_11)
FNDA:3,(anonymous_12)
FNDA:2,(anonymous_13)
FNDA:1,(anonymous_14)
FNDA:2,(anonymous_15)
FNDA:1,(anonymous_16)
FNDA:2,(anonymous_17)
FNDA:2,(anonymous_18)
FNDA:2,(anonymous_19)
FNDA:2,(anonymous_20)
FNDA:1,(anonymous_21)
FNDA:2,(anonymous_22)
FNDA:2,(anonymous_23)
DA:1,4
DA:2,4
DA:3,4
DA:5,4
DA:6,4
DA:7,4
DA:9,4
DA:10,4
DA:13,4
DA:14,2
DA:15,2
DA:17,2
DA:18,3
DA:20,2
DA:28,2
DA:29,2
DA:31,2
DA:37,2
DA:38,2
DA:39,2
DA:41,2
DA:45,2
DA:46,10
DA:47,10
DA:50,2
DA:58,2
DA:59,10
DA:62,2
DA:63,30
DA:64,10
DA:72,2
DA:74,0
DA:79,4
DA:80,3
DA:81,3
DA:82,3
DA:84,0
DA:88,4
DA:89,5
DA:90,5
DA:91,5
DA:92,4
DA:94,1
DA:95,1
DA:97,0
DA:101,4
DA:102,3
DA:103,3
DA:104,3
DA:105,3
DA:106,1
DA:108,2
DA:109,1
DA:111,1
DA:115,4
DA:116,3
DA:117,3
DA:118,3
DA:119,1
DA:121,2
DA:125,4
DA:126,2
DA:127,2
DA:129,2
DA:133,2
DA:134,1
DA:137,1
DA:143,1
DA:145,0
DA:150,4
DA:151,3
DA:152,3
DA:153,3
DA:154,3
DA:158,2
DA:167,1
DA:176,2
DA:182,2
DA:184,1
DA:189,4
DA:190,2
DA:191,2
DA:192,2
DA:193,2
DA:194,1
DA:201,2
DA:206,2
DA:208,0
DA:213,4
DA:214,1
DA:215,1
DA:220,1
DA:222,0
DA:226,4
DA:227,2
DA:228,2
DA:229,2
DA:230,2
DA:232,2
DA:236,1
DA:241,1
DA:243,1
DA:247,4
DA:248,2
DA:249,2
DA:250,2
DA:252,2
DA:254,1
DA:256,1
DA:260,4
DA:261,1
DA:262,1
DA:265,1
DA:267,0
DA:271,4
DA:272,2
DA:273,2
DA:274,2
DA:281,1
DA:283,1
DA:287,4
DA:288,2
DA:289,2
DA:290,2
DA:291,1
DA:293,1
DA:303,4
LF:127
LH:120
BRDA:18,0,0,1
BRDA:18,0,1,2
BRDA:18,1,0,3
BRDA:18,1,1,2
BRDA:22,2,0,0
BRDA:22,2,1,2
BRDA:23,3,0,0
BRDA:23,3,1,2
BRDA:29,4,0,1
BRDA:29,4,1,1
BRDA:29,5,0,2
BRDA:29,5,1,1
BRDA:37,6,0,2
BRDA:37,6,1,0
BRDA:38,7,0,2
BRDA:38,7,1,0
BRDA:39,8,0,2
BRDA:39,8,1,0
BRDA:94,9,0,1
BRDA:94,9,1,0
BRDA:94,10,0,1
BRDA:94,10,1,0
BRDA:94,10,2,0
BRDA:108,11,0,1
BRDA:108,11,1,1
BRDA:108,12,0,2
BRDA:108,12,1,1
BRDA:108,12,2,1
BRDA:133,13,0,1
BRDA:133,13,1,1
BRDA:151,14,0,2
BRDA:151,15,0,2
BRDA:193,16,0,1
BRDA:193,16,1,1
BRDA:193,17,0,2
BRDA:193,17,1,1
BRDA:196,18,0,0
BRDA:196,18,1,1
BRDA:197,19,0,0
BRDA:197,19,1,1
BRF:40
BRH:30
end_of_record
